<?xml version="1.0" encoding="UTF-8"?>
<testng-results skipped="0" failed="0" ignored="0" total="1" passed="1">
  <reporter-output>
  </reporter-output>
  <suite name="Default suite" duration-ms="144986" started-at="2018-10-24T08:25:59Z" finished-at="2018-10-24T08:28:24Z">
    <groups>
    </groups>
    <test name="Default test" duration-ms="144986" started-at="2018-10-24T08:25:59Z" finished-at="2018-10-24T08:28:24Z">
      <class name="script_packages.Calling_Test">
        <test-method status="PASS" signature="Call_All_Test()[pri:0, instance:script_packages.Calling_Test@2ddc9a9f]" name="Call_All_Test" duration-ms="144948" started-at="2018-10-24T13:55:59Z" finished-at="2018-10-24T13:58:24Z">
          <reporter-output>
          </reporter-output>
        </test-method> <!-- Call_All_Test -->
      </class> <!-- script_packages.Calling_Test -->
    </test> <!-- Default test -->
  </suite> <!-- Default suite -->
</testng-results>
